2020-06-05 10:15:02.835  INFO [organization,,,] 760 --- [restartedMain] c.a.n.c.c.impl.LocalConfigInfoProcessor  : LOCAL_SNAPSHOT_PATH:C:\Users\95844\nacos\config
2020-06-05 10:15:02.951  INFO [organization,,,] 760 --- [restartedMain] c.a.nacos.client.config.impl.Limiter     : limitTime:5.0
2020-06-05 10:15:03.023  WARN [organization,,,] 760 --- [restartedMain] c.a.c.n.c.NacosPropertySourceBuilder     : Ignore the empty nacos configuration and get it based on dataId[organization] & group[DEFAULT_GROUP]
2020-06-05 10:15:03.032  WARN [organization,,,] 760 --- [restartedMain] c.a.c.n.c.NacosPropertySourceBuilder     : Ignore the empty nacos configuration and get it based on dataId[organization.yml] & group[DEFAULT_GROUP]
2020-06-05 10:15:03.033  INFO [organization,,,] 760 --- [restartedMain] b.c.PropertySourceBootstrapConfiguration : Located property source: [BootstrapPropertySource {name='bootstrapProperties-organization.yml,DEFAULT_GROUP'}, BootstrapPropertySource {name='bootstrapProperties-organization,DEFAULT_GROUP'}]
2020-06-05 10:15:03.134  INFO [organization,,,] 760 --- [restartedMain] c.g.c.s.o.OrganizationApplication        : No active profile set, falling back to default profiles: default
2020-06-05 10:15:04.740  WARN [organization,,,] 760 --- [restartedMain] o.s.boot.actuate.endpoint.EndpointId     : Endpoint ID 'nacos-config' contains invalid characters, please migrate to a valid format.
2020-06-05 10:15:04.744  WARN [organization,,,] 760 --- [restartedMain] o.s.boot.actuate.endpoint.EndpointId     : Endpoint ID 'nacos-discovery' contains invalid characters, please migrate to a valid format.
2020-06-05 10:15:04.943  WARN [organization,,,] 760 --- [restartedMain] o.s.boot.actuate.endpoint.EndpointId     : Endpoint ID 'bus-env' contains invalid characters, please migrate to a valid format.
2020-06-05 10:15:05.256  INFO [organization,,,] 760 --- [restartedMain] .s.d.r.c.RepositoryConfigurationDelegate : Multiple Spring Data modules found, entering strict repository configuration mode!
2020-06-05 10:15:05.258  INFO [organization,,,] 760 --- [restartedMain] .s.d.r.c.RepositoryConfigurationDelegate : Bootstrapping Spring Data Redis repositories in DEFAULT mode.
2020-06-05 10:15:05.287  INFO [organization,,,] 760 --- [restartedMain] .s.d.r.c.RepositoryConfigurationDelegate : Finished Spring Data repository scanning in 14ms. Found 0 Redis repository interfaces.
2020-06-05 10:15:05.361  WARN [organization,,,] 760 --- [restartedMain] o.s.boot.actuate.endpoint.EndpointId     : Endpoint ID 'bus-refresh' contains invalid characters, please migrate to a valid format.
2020-06-05 10:15:05.457  WARN [organization,,,] 760 --- [restartedMain] o.s.boot.actuate.endpoint.EndpointId     : Endpoint ID 'service-registry' contains invalid characters, please migrate to a valid format.
2020-06-05 10:15:05.821  INFO [organization,,,] 760 --- [restartedMain] o.s.cloud.context.scope.GenericScope     : BeanFactory id=2dd75065-6b3a-36e8-8acc-83683ef3376b
2020-06-05 10:15:06.099  INFO [organization,,,] 760 --- [restartedMain] faultConfiguringBeanFactoryPostProcessor : No bean named 'errorChannel' has been explicitly defined. Therefore, a default PublishSubscribeChannel will be created.
2020-06-05 10:15:06.109  INFO [organization,,,] 760 --- [restartedMain] faultConfiguringBeanFactoryPostProcessor : No bean named 'taskScheduler' has been explicitly defined. Therefore, a default ThreadPoolTaskScheduler will be created.
2020-06-05 10:15:06.118  INFO [organization,,,] 760 --- [restartedMain] faultConfiguringBeanFactoryPostProcessor : No bean named 'integrationHeaderChannelRegistry' has been explicitly defined. Therefore, a default DefaultHeaderChannelRegistry will be created.
2020-06-05 10:15:06.405  INFO [organization,,,] 760 --- [restartedMain] trationDelegate$BeanPostProcessorChecker : Bean 'com.alicp.jetcache.anno.config.JetCacheProxyConfiguration' of type [com.alicp.jetcache.anno.config.JetCacheProxyConfiguration$$EnhancerBySpringCGLIB$$db3a9a59] is not eligible for getting processed by all BeanPostProcessors (for example: not eligible for auto-proxying)
2020-06-05 10:15:06.432  INFO [organization,,,] 760 --- [restartedMain] trationDelegate$BeanPostProcessorChecker : Bean 'com.alicp.jetcache.anno.config.CommonConfiguration' of type [com.alicp.jetcache.anno.config.CommonConfiguration$$EnhancerBySpringCGLIB$$5a40dfd1] is not eligible for getting processed by all BeanPostProcessors (for example: not eligible for auto-proxying)
2020-06-05 10:15:06.540  INFO [organization,,,] 760 --- [restartedMain] trationDelegate$BeanPostProcessorChecker : Bean 'myRedisConfig' of type [com.geostar.cloud.sysadmin.organization.config.MyRedisConfig$$EnhancerBySpringCGLIB$$ae1ea9ec] is not eligible for getting processed by all BeanPostProcessors (for example: not eligible for auto-proxying)
2020-06-05 10:15:06.640  INFO [organization,,,] 760 --- [restartedMain] trationDelegate$BeanPostProcessorChecker : Bean 'org.springframework.cloud.stream.config.BindersHealthIndicatorAutoConfiguration' of type [org.springframework.cloud.stream.config.BindersHealthIndicatorAutoConfiguration$$EnhancerBySpringCGLIB$$12ad70e6] is not eligible for getting processed by all BeanPostProcessors (for example: not eligible for auto-proxying)
2020-06-05 10:15:06.652  INFO [organization,,,] 760 --- [restartedMain] trationDelegate$BeanPostProcessorChecker : Bean 'bindersHealthContributor' of type [org.springframework.cloud.stream.config.BindersHealthIndicatorAutoConfiguration$BindersHealthContributor] is not eligible for getting processed by all BeanPostProcessors (for example: not eligible for auto-proxying)
2020-06-05 10:15:06.668  INFO [organization,,,] 760 --- [restartedMain] trationDelegate$BeanPostProcessorChecker : Bean 'bindersHealthIndicatorListener' of type [org.springframework.cloud.stream.config.BindersHealthIndicatorAutoConfiguration$BindersHealthIndicatorListener] is not eligible for getting processed by all BeanPostProcessors (for example: not eligible for auto-proxying)
2020-06-05 10:15:06.703  INFO [organization,,,] 760 --- [restartedMain] trationDelegate$BeanPostProcessorChecker : Bean 'org.springframework.cloud.stream.binder.rabbit.config.ExtendedBindingHandlerMappingsProviderConfiguration' of type [org.springframework.cloud.stream.binder.rabbit.config.ExtendedBindingHandlerMappingsProviderConfiguration$$EnhancerBySpringCGLIB$$c4b2c15b] is not eligible for getting processed by all BeanPostProcessors (for example: not eligible for auto-proxying)
2020-06-05 10:15:06.725  INFO [organization,,,] 760 --- [restartedMain] trationDelegate$BeanPostProcessorChecker : Bean 'rabbitExtendedPropertiesDefaultMappingsProvider' of type [org.springframework.cloud.stream.binder.rabbit.config.ExtendedBindingHandlerMappingsProviderConfiguration$$Lambda$385/772291383] is not eligible for getting processed by all BeanPostProcessors (for example: not eligible for auto-proxying)
2020-06-05 10:15:06.764  INFO [organization,,,] 760 --- [restartedMain] trationDelegate$BeanPostProcessorChecker : Bean 'BindingHandlerAdvise' of type [org.springframework.cloud.stream.config.BindingHandlerAdvise] is not eligible for getting processed by all BeanPostProcessors (for example: not eligible for auto-proxying)
2020-06-05 10:15:06.798  INFO [organization,,,] 760 --- [restartedMain] trationDelegate$BeanPostProcessorChecker : Bean 'spelConverter' of type [org.springframework.cloud.stream.config.SpelExpressionConverterConfiguration$SpelConverter] is not eligible for getting processed by all BeanPostProcessors (for example: not eligible for auto-proxying)
2020-06-05 10:15:06.868  INFO [organization,,,] 760 --- [restartedMain] trationDelegate$BeanPostProcessorChecker : Bean 'spring.cloud.sentinel-com.alibaba.cloud.sentinel.SentinelProperties' of type [com.alibaba.cloud.sentinel.SentinelProperties] is not eligible for getting processed by all BeanPostProcessors (for example: not eligible for auto-proxying)
2020-06-05 10:15:07.010  INFO [organization,,,] 760 --- [restartedMain] trationDelegate$BeanPostProcessorChecker : Bean 'com.alibaba.cloud.sentinel.custom.SentinelAutoConfiguration' of type [com.alibaba.cloud.sentinel.custom.SentinelAutoConfiguration] is not eligible for getting processed by all BeanPostProcessors (for example: not eligible for auto-proxying)
2020-06-05 10:15:07.078  INFO [organization,,,] 760 --- [restartedMain] trationDelegate$BeanPostProcessorChecker : Bean 'integrationChannelResolver' of type [org.springframework.integration.support.channel.BeanFactoryChannelResolver] is not eligible for getting processed by all BeanPostProcessors (for example: not eligible for auto-proxying)
2020-06-05 10:15:07.086  INFO [organization,,,] 760 --- [restartedMain] trationDelegate$BeanPostProcessorChecker : Bean 'integrationDisposableAutoCreatedBeans' of type [org.springframework.integration.config.annotation.Disposables] is not eligible for getting processed by all BeanPostProcessors (for example: not eligible for auto-proxying)
2020-06-05 10:15:07.154  INFO [organization,,,] 760 --- [restartedMain] trationDelegate$BeanPostProcessorChecker : Bean 'org.springframework.integration.config.IntegrationManagementConfiguration' of type [org.springframework.integration.config.IntegrationManagementConfiguration] is not eligible for getting processed by all BeanPostProcessors (for example: not eligible for auto-proxying)
2020-06-05 10:15:07.172  INFO [organization,,,] 760 --- [restartedMain] trationDelegate$BeanPostProcessorChecker : Bean 'org.springframework.boot.autoconfigure.integration.IntegrationAutoConfiguration$IntegrationJmxConfiguration' of type [org.springframework.boot.autoconfigure.integration.IntegrationAutoConfiguration$IntegrationJmxConfiguration] is not eligible for getting processed by all BeanPostProcessors (for example: not eligible for auto-proxying)
2020-06-05 10:15:07.189  INFO [organization,,,] 760 --- [restartedMain] trationDelegate$BeanPostProcessorChecker : Bean 'org.springframework.boot.autoconfigure.jmx.JmxAutoConfiguration' of type [org.springframework.boot.autoconfigure.jmx.JmxAutoConfiguration] is not eligible for getting processed by all BeanPostProcessors (for example: not eligible for auto-proxying)
2020-06-05 10:15:07.198  INFO [organization,,,] 760 --- [restartedMain] trationDelegate$BeanPostProcessorChecker : Bean 'mbeanServer' of type [com.sun.jmx.mbeanserver.JmxMBeanServer] is not eligible for getting processed by all BeanPostProcessors (for example: not eligible for auto-proxying)
2020-06-05 10:15:07.311  INFO [organization,,,] 760 --- [restartedMain] trationDelegate$BeanPostProcessorChecker : Bean 'spring.sleuth.redis-org.springframework.cloud.sleuth.instrument.redis.TraceRedisProperties' of type [org.springframework.cloud.sleuth.instrument.redis.TraceRedisProperties] is not eligible for getting processed by all BeanPostProcessors (for example: not eligible for auto-proxying)
2020-06-05 10:15:08.651  INFO [organization,,,] 760 --- [restartedMain] o.s.b.w.embedded.tomcat.TomcatWebServer  : Tomcat initialized with port(s): 8000 (http)
2020-06-05 10:15:08.660  INFO [organization,,,] 760 --- [restartedMain] o.apache.catalina.core.StandardService   : Starting service [Tomcat]
2020-06-05 10:15:08.660  INFO [organization,,,] 760 --- [restartedMain] org.apache.catalina.core.StandardEngine  : Starting Servlet engine: [Apache Tomcat/9.0.35]
2020-06-05 10:15:08.836  INFO [organization,,,] 760 --- [restartedMain] o.a.c.c.C.[Tomcat].[localhost].[/]       : Initializing Spring embedded WebApplicationContext
2020-06-05 10:15:08.837  INFO [organization,,,] 760 --- [restartedMain] o.s.web.context.ContextLoader            : Root WebApplicationContext: initialization completed in 5628 ms
2020-06-05 10:15:10.470  INFO [organization,,,] 760 --- [restartedMain] com.alibaba.nacos.client.naming          : initializer namespace from System Property :null
2020-06-05 10:15:10.470  INFO [organization,,,] 760 --- [restartedMain] com.alibaba.nacos.client.naming          : initializer namespace from System Environment :null
2020-06-05 10:15:10.471  INFO [organization,,,] 760 --- [restartedMain] com.alibaba.nacos.client.naming          : initializer namespace from System Property :null
2020-06-05 10:15:11.063  INFO [organization,,,] 760 --- [restartedMain] o.s.s.c.ThreadPoolTaskScheduler          : Initializing ExecutorService 'taskScheduler'
2020-06-05 10:15:11.680  INFO [organization,,,] 760 --- [restartedMain] com.zaxxer.hikari.HikariDataSource       : HikariPool-1 - Starting...
2020-06-05 10:15:11.681  WARN [organization,,,] 760 --- [restartedMain] com.zaxxer.hikari.util.DriverDataSource  : Registered driver with driverClassName=com.mysql.jdbc.Driver was not found, trying direct instantiation.
2020-06-05 10:15:11.796  INFO [organization,,,] 760 --- [restartedMain] com.zaxxer.hikari.HikariDataSource       : HikariPool-1 - Start completed.
2020-06-05 10:15:12.825  INFO [organization,,,] 760 --- [restartedMain] c.a.c.s.SentinelWebAutoConfiguration     : [Sentinel Starter] register SentinelWebInterceptor with urlPatterns: [/**].
2020-06-05 10:15:12.928  INFO [organization,,,] 760 --- [restartedMain] o.s.b.a.e.web.EndpointLinksResolver      : Exposing 26 endpoint(s) beneath base path '/actuator'
2020-06-05 10:15:13.018  INFO [organization,,,] 760 --- [restartedMain] c.g.c.s.organization.config.BusConfig    : queue name:event-organization
2020-06-05 10:15:13.022  INFO [organization,,,] 760 --- [restartedMain] c.g.c.s.organization.config.BusConfig    : exchange:spring-boot-exchange
2020-06-05 10:15:13.028  INFO [organization,,,] 760 --- [restartedMain] c.g.c.s.organization.config.BusConfig    : binding Queue [name=event-organization, durable=false, autoDelete=false, exclusive=false, arguments={}, actualName=event-organization] to Exchange [name=spring-boot-exchange, type=topic, durable=true, autoDelete=false, internal=false, arguments={}] with organization-resource
2020-06-05 10:15:13.061  INFO [organization,,,] 760 --- [restartedMain] pertySourcedRequestMappingHandlerMapping : Mapped URL path [/v2/api-docs] onto method [springfox.documentation.swagger2.web.Swagger2Controller#getDocumentation(String, HttpServletRequest)]
2020-06-05 10:15:13.107  WARN [organization,,,] 760 --- [restartedMain] c.n.c.sources.URLConfigurationSource     : No URLs will be polled as dynamic configuration sources.
2020-06-05 10:15:13.107  INFO [organization,,,] 760 --- [restartedMain] c.n.c.sources.URLConfigurationSource     : To enable URLs as dynamic configuration sources, define System property archaius.configurationSource.additionalUrls or make config.properties available on classpath.
2020-06-05 10:15:13.112  WARN [organization,,,] 760 --- [restartedMain] c.n.c.sources.URLConfigurationSource     : No URLs will be polled as dynamic configuration sources.
2020-06-05 10:15:13.113  INFO [organization,,,] 760 --- [restartedMain] c.n.c.sources.URLConfigurationSource     : To enable URLs as dynamic configuration sources, define System property archaius.configurationSource.additionalUrls or make config.properties available on classpath.
2020-06-05 10:15:13.249  INFO [organization,,,] 760 --- [restartedMain] o.s.s.concurrent.ThreadPoolTaskExecutor  : Initializing ExecutorService 'applicationTaskExecutor'
2020-06-05 10:15:13.311  INFO [organization,,,] 760 --- [restartedMain] o.s.b.d.a.OptionalLiveReloadServer       : LiveReload server is running on port 35729
2020-06-05 10:15:13.586  INFO [organization,,,] 760 --- [restartedMain] c.a.j.a.AbstractCacheAutoInit            : init cache area default , type= caffeine
2020-06-05 10:15:13.589  INFO [organization,,,] 760 --- [restartedMain] c.a.j.a.AbstractCacheAutoInit            : init cache area longTime , type= caffeine
2020-06-05 10:15:13.589  INFO [organization,,,] 760 --- [restartedMain] c.a.j.a.AbstractCacheAutoInit            : init cache area shortTime , type= caffeine
2020-06-05 10:15:13.608  INFO [organization,,,] 760 --- [restartedMain] c.a.j.support.DefaultMetricsManager      : cache stat period at 15 MINUTES
2020-06-05 10:15:13.611  INFO [organization,,,] 760 --- [restartedMain] c.a.j.a.AbstractCacheAutoInit            : init cache area default , type= redis
2020-06-05 10:15:13.625  INFO [organization,,,] 760 --- [restartedMain] c.a.j.a.AbstractCacheAutoInit            : init cache area longTime , type= redis
2020-06-05 10:15:13.627  INFO [organization,,,] 760 --- [restartedMain] c.a.j.a.AbstractCacheAutoInit            : init cache area shortTime , type= redis
2020-06-05 10:15:13.964  INFO [organization,,,] 760 --- [restartedMain] onConfiguration$FunctionBindingRegistrar : Functional binding is disabled due to the presense of @EnableBinding annotation in your configuration
2020-06-05 10:15:15.263  INFO [organization,,,] 760 --- [restartedMain] o.s.c.s.m.DirectWithAttributesChannel    : Channel 'organization-1.springCloudBusInput' has 1 subscriber(s).
2020-06-05 10:15:15.390  INFO [organization,,,] 760 --- [restartedMain] o.s.i.monitor.IntegrationMBeanExporter   : Registering MessageChannel springCloudBusOutput
2020-06-05 10:15:15.483  INFO [organization,,,] 760 --- [restartedMain] o.s.i.monitor.IntegrationMBeanExporter   : Registering MessageChannel springCloudBusInput
2020-06-05 10:15:15.489  INFO [organization,,,] 760 --- [restartedMain] o.s.i.monitor.IntegrationMBeanExporter   : Registering MessageChannel nullChannel
2020-06-05 10:15:15.504  INFO [organization,,,] 760 --- [restartedMain] o.s.i.monitor.IntegrationMBeanExporter   : Registering MessageChannel errorChannel
2020-06-05 10:15:15.565  INFO [organization,,,] 760 --- [restartedMain] o.s.i.monitor.IntegrationMBeanExporter   : Registering MessageHandler org.springframework.cloud.stream.binding.StreamListenerMessageHandler@609bbb6b
2020-06-05 10:15:15.691  INFO [organization,,,] 760 --- [restartedMain] o.s.i.monitor.IntegrationMBeanExporter   : Registering MessageHandler errorLogger
2020-06-05 10:15:15.742  INFO [organization,,,] 760 --- [restartedMain] o.s.i.endpoint.EventDrivenConsumer       : Adding {logging-channel-adapter:_org.springframework.integration.errorLogger} as a subscriber to the 'errorChannel' channel
2020-06-05 10:15:15.742  INFO [organization,,,] 760 --- [restartedMain] o.s.i.channel.PublishSubscribeChannel    : Channel 'organization-1.errorChannel' has 1 subscriber(s).
2020-06-05 10:15:15.742  INFO [organization,,,] 760 --- [restartedMain] o.s.i.endpoint.EventDrivenConsumer       : started bean '_org.springframework.integration.errorLogger'
2020-06-05 10:15:16.089  WARN [organization,,,] 760 --- [restartedMain] c.a.c.n.c.NacosPropertySourceBuilder     : Ignore the empty nacos configuration and get it based on dataId[organization] & group[DEFAULT_GROUP]
2020-06-05 10:15:16.093  WARN [organization,,,] 760 --- [restartedMain] c.a.c.n.c.NacosPropertySourceBuilder     : Ignore the empty nacos configuration and get it based on dataId[organization.yml] & group[DEFAULT_GROUP]
2020-06-05 10:15:16.093  INFO [organization,,,] 760 --- [restartedMain] b.c.PropertySourceBootstrapConfiguration : Located property source: [BootstrapPropertySource {name='bootstrapProperties-organization.yml,DEFAULT_GROUP'}, BootstrapPropertySource {name='bootstrapProperties-organization,DEFAULT_GROUP'}]
2020-06-05 10:15:16.179  INFO [organization,,,] 760 --- [restartedMain] c.a.n.client.config.impl.ClientWorker    : [fixed-localhost_8848] [subscribe] organization+DEFAULT_GROUP
2020-06-05 10:15:16.181  INFO [organization,,,] 760 --- [restartedMain] c.a.nacos.client.config.impl.CacheData   : [fixed-localhost_8848] [add-listener] ok, tenant=, dataId=organization, group=DEFAULT_GROUP, cnt=1
2020-06-05 10:15:16.181  INFO [organization,,,] 760 --- [restartedMain] c.a.n.client.config.impl.ClientWorker    : [fixed-localhost_8848] [subscribe] organization.yml+DEFAULT_GROUP
2020-06-05 10:15:16.181  INFO [organization,,,] 760 --- [restartedMain] c.a.nacos.client.config.impl.CacheData   : [fixed-localhost_8848] [add-listener] ok, tenant=, dataId=organization.yml, group=DEFAULT_GROUP, cnt=1
2020-06-05 10:15:16.196  INFO [organization,,,] 760 --- [com.alibaba.nacos.client.Worker.longPolling.fixed-localhost_8848] c.a.n.client.config.impl.ClientWorker    : get changedGroupKeys:[]
2020-06-05 10:15:16.239  INFO [organization,,,] 760 --- [restartedMain] o.s.a.r.c.CachingConnectionFactory       : Attempting to connect to: [localhost:5672]
2020-06-05 10:15:16.247  INFO [organization,,,] 760 --- [restartedMain] o.s.a.r.c.CachingConnectionFactory       : Created new connection: rabbitConnectionFactory#2c9e56ca:0/SimpleConnection@77855952 [delegate=amqp://admin@127.0.0.1:5672/, localPort= 49190]
2020-06-05 10:15:16.254  INFO [organization,,,] 760 --- [restartedMain] o.s.amqp.rabbit.core.RabbitAdmin         : Auto-declaring a non-durable, auto-delete, or exclusive Queue (event-organization) durable:false, auto-delete:false, exclusive:false. It will be redeclared if the broker stops and is restarted while the connection factory is alive, but all messages will be lost.
2020-06-05 10:15:16.302  INFO [organization,,,] 760 --- [restartedMain] o.s.c.s.m.DirectWithAttributesChannel    : Channel 'organization-1.springCloudBusOutput' has 1 subscriber(s).
2020-06-05 10:15:16.346  INFO [organization,,,] 760 --- [restartedMain] c.s.b.r.p.RabbitExchangeQueueProvisioner : declaring queue for inbound: springCloudBus.anonymous.xpTRwDbrSWi-UxAFRBSJJA, bound to: springCloudBus
2020-06-05 10:15:16.367  INFO [organization,,,] 760 --- [restartedMain] o.s.c.stream.binder.BinderErrorChannel   : Channel 'springCloudBus.anonymous.xpTRwDbrSWi-UxAFRBSJJA.errors' has 1 subscriber(s).
2020-06-05 10:15:16.367  INFO [organization,,,] 760 --- [restartedMain] o.s.c.stream.binder.BinderErrorChannel   : Channel 'springCloudBus.anonymous.xpTRwDbrSWi-UxAFRBSJJA.errors' has 2 subscriber(s).
2020-06-05 10:15:16.389  INFO [organization,,,] 760 --- [restartedMain] o.s.i.a.i.AmqpInboundChannelAdapter      : started bean 'inbound.springCloudBus.anonymous.xpTRwDbrSWi-UxAFRBSJJA'
2020-06-05 10:15:16.390  INFO [organization,,,] 760 --- [restartedMain] d.s.w.p.DocumentationPluginsBootstrapper : Context refreshed
2020-06-05 10:15:16.407  INFO [organization,,,] 760 --- [restartedMain] d.s.w.p.DocumentationPluginsBootstrapper : Found 1 custom documentation plugin(s)
2020-06-05 10:15:16.453  INFO [organization,,,] 760 --- [restartedMain] s.d.s.w.s.ApiListingReferenceScanner     : Scanning for api listing references
2020-06-05 10:15:16.605  INFO [organization,,,] 760 --- [restartedMain] .d.s.w.r.o.CachingOperationNameGenerator : Generating unique operation named: addUsingPOST_1
2020-06-05 10:15:16.606  INFO [organization,,,] 760 --- [restartedMain] .d.s.w.r.o.CachingOperationNameGenerator : Generating unique operation named: deleteUsingDELETE_1
2020-06-05 10:15:16.608  INFO [organization,,,] 760 --- [restartedMain] .d.s.w.r.o.CachingOperationNameGenerator : Generating unique operation named: getUsingGET_1
2020-06-05 10:15:16.610  INFO [organization,,,] 760 --- [restartedMain] .d.s.w.r.o.CachingOperationNameGenerator : Generating unique operation named: queryUsingGET_1
2020-06-05 10:15:16.619  INFO [organization,,,] 760 --- [restartedMain] .d.s.w.r.o.CachingOperationNameGenerator : Generating unique operation named: searchUsingPOST_1
2020-06-05 10:15:16.620  INFO [organization,,,] 760 --- [restartedMain] .d.s.w.r.o.CachingOperationNameGenerator : Generating unique operation named: searchUsingGET_1
2020-06-05 10:15:16.625  INFO [organization,,,] 760 --- [restartedMain] .d.s.w.r.o.CachingOperationNameGenerator : Generating unique operation named: updateUsingPUT_1
2020-06-05 10:15:16.631  INFO [organization,,,] 760 --- [restartedMain] .d.s.w.r.o.CachingOperationNameGenerator : Generating unique operation named: addUsingPOST_2
2020-06-05 10:15:16.635  INFO [organization,,,] 760 --- [restartedMain] .d.s.w.r.o.CachingOperationNameGenerator : Generating unique operation named: deleteUsingDELETE_2
2020-06-05 10:15:16.637  INFO [organization,,,] 760 --- [restartedMain] .d.s.w.r.o.CachingOperationNameGenerator : Generating unique operation named: getUsingGET_2
2020-06-05 10:15:16.639  INFO [organization,,,] 760 --- [restartedMain] .d.s.w.r.o.CachingOperationNameGenerator : Generating unique operation named: queryUsingGET_2
2020-06-05 10:15:16.642  INFO [organization,,,] 760 --- [restartedMain] .d.s.w.r.o.CachingOperationNameGenerator : Generating unique operation named: updateUsingPUT_2
2020-06-05 10:15:16.648  INFO [organization,,,] 760 --- [restartedMain] .d.s.w.r.o.CachingOperationNameGenerator : Generating unique operation named: addUsingPOST_3
2020-06-05 10:15:16.649  INFO [organization,,,] 760 --- [restartedMain] .d.s.w.r.o.CachingOperationNameGenerator : Generating unique operation named: deleteUsingDELETE_3
2020-06-05 10:15:16.651  INFO [organization,,,] 760 --- [restartedMain] .d.s.w.r.o.CachingOperationNameGenerator : Generating unique operation named: getUsingGET_3
2020-06-05 10:15:16.666  INFO [organization,,,] 760 --- [restartedMain] .d.s.w.r.o.CachingOperationNameGenerator : Generating unique operation named: updateUsingPUT_3
2020-06-05 10:15:16.671  INFO [organization,,,] 760 --- [restartedMain] .d.s.w.r.o.CachingOperationNameGenerator : Generating unique operation named: addUsingPOST_4
2020-06-05 10:15:16.673  INFO [organization,,,] 760 --- [restartedMain] .d.s.w.r.o.CachingOperationNameGenerator : Generating unique operation named: deleteUsingDELETE_4
2020-06-05 10:15:16.674  INFO [organization,,,] 760 --- [restartedMain] .d.s.w.r.o.CachingOperationNameGenerator : Generating unique operation named: getUsingGET_4
2020-06-05 10:15:16.676  INFO [organization,,,] 760 --- [restartedMain] .d.s.w.r.o.CachingOperationNameGenerator : Generating unique operation named: getUsingGET_5
2020-06-05 10:15:16.685  INFO [organization,,,] 760 --- [restartedMain] .d.s.w.r.o.CachingOperationNameGenerator : Generating unique operation named: queryUsingPOST_1
2020-06-05 10:15:16.687  INFO [organization,,,] 760 --- [restartedMain] .d.s.w.r.o.CachingOperationNameGenerator : Generating unique operation named: queryUsingGET_3
2020-06-05 10:15:16.693  INFO [organization,,,] 760 --- [restartedMain] .d.s.w.r.o.CachingOperationNameGenerator : Generating unique operation named: updateUsingPUT_4
2020-06-05 10:15:16.699  INFO [organization,,,] 760 --- [restartedMain] .d.s.w.r.o.CachingOperationNameGenerator : Generating unique operation named: addUsingPOST_5
2020-06-05 10:15:16.700  INFO [organization,,,] 760 --- [restartedMain] .d.s.w.r.o.CachingOperationNameGenerator : Generating unique operation named: deleteUsingDELETE_5
2020-06-05 10:15:16.700  INFO [organization,,,] 760 --- [restartedMain] .d.s.w.r.o.CachingOperationNameGenerator : Generating unique operation named: getUsingGET_6
2020-06-05 10:15:16.701  INFO [organization,,,] 760 --- [restartedMain] .d.s.w.r.o.CachingOperationNameGenerator : Generating unique operation named: queryUsingGET_4
2020-06-05 10:15:16.709  INFO [organization,,,] 760 --- [restartedMain] .d.s.w.r.o.CachingOperationNameGenerator : Generating unique operation named: searchUsingPOST_2
2020-06-05 10:15:16.713  INFO [organization,,,] 760 --- [restartedMain] .d.s.w.r.o.CachingOperationNameGenerator : Generating unique operation named: updateUsingPUT_5
2020-06-05 10:15:16.745  INFO [organization,,,] 760 --- [restartedMain] o.s.i.monitor.IntegrationMBeanExporter   : Registering MessageChannel springCloudBus.anonymous.xpTRwDbrSWi-UxAFRBSJJA.errors
2020-06-05 10:15:16.855  INFO [organization,,,] 760 --- [restartedMain] o.s.b.w.embedded.tomcat.TomcatWebServer  : Tomcat started on port(s): 8000 (http) with context path ''
2020-06-05 10:15:16.859  INFO [organization,,,] 760 --- [restartedMain] com.alibaba.nacos.client.naming          : [BEAT] adding beat: {"cluster":"DEFAULT","ip":"192.168.43.89","metadata":{"preserved.register.source":"SPRING_CLOUD"},"period":5000,"port":8000,"scheduled":false,"serviceName":"DEFAULT_GROUP@@organization","stopped":false,"weight":1.0} to beat map.
2020-06-05 10:15:16.934  INFO [organization,,,] 760 --- [restartedMain] com.alibaba.nacos.client.naming          : [REGISTER-SERVICE] public registering service DEFAULT_GROUP@@organization with instance: {"clusterName":"DEFAULT","enabled":true,"ephemeral":true,"healthy":true,"instanceHeartBeatInterval":5000,"instanceHeartBeatTimeOut":15000,"ip":"192.168.43.89","ipDeleteTimeout":30000,"metadata":{"preserved.register.source":"SPRING_CLOUD"},"port":8000,"weight":1.0}
2020-06-05 10:15:17.071  INFO [organization,,,] 760 --- [restartedMain] c.a.c.n.registry.NacosServiceRegistry    : nacos registry, DEFAULT_GROUP organization 192.168.43.89:8000 register finished
2020-06-05 10:15:17.415  INFO [organization,,,] 760 --- [restartedMain] c.g.c.s.o.OrganizationApplication        : Started OrganizationApplication in 17.139 seconds (JVM running for 19.012)
2020-06-05 10:15:17.734  INFO [organization,,,] 760 --- [RMI TCP Connection(1)-192.168.171.1] o.a.c.c.C.[Tomcat].[localhost].[/]       : Initializing Spring DispatcherServlet 'dispatcherServlet'
2020-06-05 10:15:17.734  INFO [organization,,,] 760 --- [RMI TCP Connection(1)-192.168.171.1] o.s.web.servlet.DispatcherServlet        : Initializing Servlet 'dispatcherServlet'
2020-06-05 10:15:17.751  INFO [organization,,,] 760 --- [RMI TCP Connection(1)-192.168.171.1] o.s.web.servlet.DispatcherServlet        : Completed initialization in 17 ms
