2020-06-04 15:53:11.248  INFO [organization,,,] 15564 --- [main] c.a.n.c.c.impl.LocalConfigInfoProcessor  : LOCAL_SNAPSHOT_PATH:C:\Users\95844\nacos\config
2020-06-04 15:53:11.309  INFO [organization,,,] 15564 --- [main] c.a.nacos.client.config.impl.Limiter     : limitTime:5.0
2020-06-04 15:53:11.641  WARN [organization,,,] 15564 --- [main] c.a.c.n.c.NacosPropertySourceBuilder     : Ignore the empty nacos configuration and get it based on dataId[organization] & group[DEFAULT_GROUP]
2020-06-04 15:53:11.646  WARN [organization,,,] 15564 --- [main] c.a.c.n.c.NacosPropertySourceBuilder     : Ignore the empty nacos configuration and get it based on dataId[organization.yml] & group[DEFAULT_GROUP]
2020-06-04 15:53:11.648  INFO [organization,,,] 15564 --- [main] b.c.PropertySourceBootstrapConfiguration : Located property source: [BootstrapPropertySource {name='bootstrapProperties-organization.yml,DEFAULT_GROUP'}, BootstrapPropertySource {name='bootstrapProperties-organization,DEFAULT_GROUP'}]
2020-06-04 15:53:11.694  INFO [organization,,,] 15564 --- [main] e.p.SysadminOrganizationApplicationTests : No active profile set, falling back to default profiles: default
2020-06-04 15:53:12.976  WARN [organization,,,] 15564 --- [main] o.s.boot.actuate.endpoint.EndpointId     : Endpoint ID 'nacos-config' contains invalid characters, please migrate to a valid format.
2020-06-04 15:53:12.981  WARN [organization,,,] 15564 --- [main] o.s.boot.actuate.endpoint.EndpointId     : Endpoint ID 'nacos-discovery' contains invalid characters, please migrate to a valid format.
2020-06-04 15:53:13.191  WARN [organization,,,] 15564 --- [main] o.s.boot.actuate.endpoint.EndpointId     : Endpoint ID 'bus-env' contains invalid characters, please migrate to a valid format.
2020-06-04 15:53:13.502  INFO [organization,,,] 15564 --- [main] .s.d.r.c.RepositoryConfigurationDelegate : Multiple Spring Data modules found, entering strict repository configuration mode!
2020-06-04 15:53:13.504  INFO [organization,,,] 15564 --- [main] .s.d.r.c.RepositoryConfigurationDelegate : Bootstrapping Spring Data Redis repositories in DEFAULT mode.
2020-06-04 15:53:13.532  INFO [organization,,,] 15564 --- [main] .s.d.r.c.RepositoryConfigurationDelegate : Finished Spring Data repository scanning in 15ms. Found 0 Redis repository interfaces.
2020-06-04 15:53:13.575  WARN [organization,,,] 15564 --- [main] o.s.boot.actuate.endpoint.EndpointId     : Endpoint ID 'bus-refresh' contains invalid characters, please migrate to a valid format.
2020-06-04 15:53:13.595  WARN [organization,,,] 15564 --- [main] o.s.boot.actuate.endpoint.EndpointId     : Endpoint ID 'service-registry' contains invalid characters, please migrate to a valid format.
2020-06-04 15:53:13.982  INFO [organization,,,] 15564 --- [main] o.s.cloud.context.scope.GenericScope     : BeanFactory id=9eacdf7f-2696-3f4c-9e3e-c1489202c395
2020-06-04 15:53:14.261  INFO [organization,,,] 15564 --- [main] faultConfiguringBeanFactoryPostProcessor : No bean named 'errorChannel' has been explicitly defined. Therefore, a default PublishSubscribeChannel will be created.
2020-06-04 15:53:14.268  INFO [organization,,,] 15564 --- [main] faultConfiguringBeanFactoryPostProcessor : No bean named 'taskScheduler' has been explicitly defined. Therefore, a default ThreadPoolTaskScheduler will be created.
2020-06-04 15:53:14.275  INFO [organization,,,] 15564 --- [main] faultConfiguringBeanFactoryPostProcessor : No bean named 'integrationHeaderChannelRegistry' has been explicitly defined. Therefore, a default DefaultHeaderChannelRegistry will be created.
2020-06-04 15:53:14.623  INFO [organization,,,] 15564 --- [main] trationDelegate$BeanPostProcessorChecker : Bean 'com.alicp.jetcache.anno.config.JetCacheProxyConfiguration' of type [com.alicp.jetcache.anno.config.JetCacheProxyConfiguration$$EnhancerBySpringCGLIB$$7002eae8] is not eligible for getting processed by all BeanPostProcessors (for example: not eligible for auto-proxying)
2020-06-04 15:53:14.654  INFO [organization,,,] 15564 --- [main] trationDelegate$BeanPostProcessorChecker : Bean 'com.alicp.jetcache.anno.config.CommonConfiguration' of type [com.alicp.jetcache.anno.config.CommonConfiguration$$EnhancerBySpringCGLIB$$ef093060] is not eligible for getting processed by all BeanPostProcessors (for example: not eligible for auto-proxying)
2020-06-04 15:53:14.876  INFO [organization,,,] 15564 --- [main] trationDelegate$BeanPostProcessorChecker : Bean 'myRedisConfig' of type [com.geostar.cloud.sysadmin.organization.config.MyRedisConfig$$EnhancerBySpringCGLIB$$42e6fa7b] is not eligible for getting processed by all BeanPostProcessors (for example: not eligible for auto-proxying)
2020-06-04 15:53:14.974  INFO [organization,,,] 15564 --- [main] trationDelegate$BeanPostProcessorChecker : Bean 'org.springframework.cloud.stream.config.BindersHealthIndicatorAutoConfiguration' of type [org.springframework.cloud.stream.config.BindersHealthIndicatorAutoConfiguration$$EnhancerBySpringCGLIB$$a775c175] is not eligible for getting processed by all BeanPostProcessors (for example: not eligible for auto-proxying)
2020-06-04 15:53:14.998  INFO [organization,,,] 15564 --- [main] trationDelegate$BeanPostProcessorChecker : Bean 'bindersHealthContributor' of type [org.springframework.cloud.stream.config.BindersHealthIndicatorAutoConfiguration$BindersHealthContributor] is not eligible for getting processed by all BeanPostProcessors (for example: not eligible for auto-proxying)
2020-06-04 15:53:15.010  INFO [organization,,,] 15564 --- [main] trationDelegate$BeanPostProcessorChecker : Bean 'bindersHealthIndicatorListener' of type [org.springframework.cloud.stream.config.BindersHealthIndicatorAutoConfiguration$BindersHealthIndicatorListener] is not eligible for getting processed by all BeanPostProcessors (for example: not eligible for auto-proxying)
2020-06-04 15:53:15.045  INFO [organization,,,] 15564 --- [main] trationDelegate$BeanPostProcessorChecker : Bean 'org.springframework.cloud.stream.binder.rabbit.config.ExtendedBindingHandlerMappingsProviderConfiguration' of type [org.springframework.cloud.stream.binder.rabbit.config.ExtendedBindingHandlerMappingsProviderConfiguration$$EnhancerBySpringCGLIB$$597b11ea] is not eligible for getting processed by all BeanPostProcessors (for example: not eligible for auto-proxying)
2020-06-04 15:53:15.052  INFO [organization,,,] 15564 --- [main] trationDelegate$BeanPostProcessorChecker : Bean 'rabbitExtendedPropertiesDefaultMappingsProvider' of type [org.springframework.cloud.stream.binder.rabbit.config.ExtendedBindingHandlerMappingsProviderConfiguration$$Lambda$613/479162791] is not eligible for getting processed by all BeanPostProcessors (for example: not eligible for auto-proxying)
2020-06-04 15:53:15.065  INFO [organization,,,] 15564 --- [main] trationDelegate$BeanPostProcessorChecker : Bean 'BindingHandlerAdvise' of type [org.springframework.cloud.stream.config.BindingHandlerAdvise] is not eligible for getting processed by all BeanPostProcessors (for example: not eligible for auto-proxying)
2020-06-04 15:53:15.095  INFO [organization,,,] 15564 --- [main] trationDelegate$BeanPostProcessorChecker : Bean 'spelConverter' of type [org.springframework.cloud.stream.config.SpelExpressionConverterConfiguration$SpelConverter] is not eligible for getting processed by all BeanPostProcessors (for example: not eligible for auto-proxying)
2020-06-04 15:53:15.145  INFO [organization,,,] 15564 --- [main] trationDelegate$BeanPostProcessorChecker : Bean 'spring.cloud.sentinel-com.alibaba.cloud.sentinel.SentinelProperties' of type [com.alibaba.cloud.sentinel.SentinelProperties] is not eligible for getting processed by all BeanPostProcessors (for example: not eligible for auto-proxying)
2020-06-04 15:53:15.256  INFO [organization,,,] 15564 --- [main] trationDelegate$BeanPostProcessorChecker : Bean 'com.alibaba.cloud.sentinel.custom.SentinelAutoConfiguration' of type [com.alibaba.cloud.sentinel.custom.SentinelAutoConfiguration] is not eligible for getting processed by all BeanPostProcessors (for example: not eligible for auto-proxying)
2020-06-04 15:53:15.303  INFO [organization,,,] 15564 --- [main] trationDelegate$BeanPostProcessorChecker : Bean 'integrationChannelResolver' of type [org.springframework.integration.support.channel.BeanFactoryChannelResolver] is not eligible for getting processed by all BeanPostProcessors (for example: not eligible for auto-proxying)
2020-06-04 15:53:15.314  INFO [organization,,,] 15564 --- [main] trationDelegate$BeanPostProcessorChecker : Bean 'integrationDisposableAutoCreatedBeans' of type [org.springframework.integration.config.annotation.Disposables] is not eligible for getting processed by all BeanPostProcessors (for example: not eligible for auto-proxying)
2020-06-04 15:53:15.392  INFO [organization,,,] 15564 --- [main] trationDelegate$BeanPostProcessorChecker : Bean 'org.springframework.integration.config.IntegrationManagementConfiguration' of type [org.springframework.integration.config.IntegrationManagementConfiguration] is not eligible for getting processed by all BeanPostProcessors (for example: not eligible for auto-proxying)
2020-06-04 15:53:15.499  INFO [organization,,,] 15564 --- [main] trationDelegate$BeanPostProcessorChecker : Bean 'spring.sleuth.redis-org.springframework.cloud.sleuth.instrument.redis.TraceRedisProperties' of type [org.springframework.cloud.sleuth.instrument.redis.TraceRedisProperties] is not eligible for getting processed by all BeanPostProcessors (for example: not eligible for auto-proxying)
2020-06-04 15:53:17.203  INFO [organization,,,] 15564 --- [main] com.zaxxer.hikari.HikariDataSource       : HikariPool-1 - Starting...
2020-06-04 15:53:17.207  WARN [organization,,,] 15564 --- [main] com.zaxxer.hikari.util.DriverDataSource  : Registered driver with driverClassName=com.mysql.jdbc.Driver was not found, trying direct instantiation.
2020-06-04 15:53:17.577  INFO [organization,,,] 15564 --- [main] com.zaxxer.hikari.HikariDataSource       : HikariPool-1 - Start completed.
2020-06-04 15:53:18.918  INFO [organization,,,] 15564 --- [main] c.a.c.s.SentinelWebAutoConfiguration     : [Sentinel Starter] register SentinelWebInterceptor with urlPatterns: [/**].
2020-06-04 15:53:20.040  INFO [organization,,,] 15564 --- [main] com.alibaba.nacos.client.naming          : initializer namespace from System Property :null
2020-06-04 15:53:20.041  INFO [organization,,,] 15564 --- [main] com.alibaba.nacos.client.naming          : initializer namespace from System Environment :null
2020-06-04 15:53:20.041  INFO [organization,,,] 15564 --- [main] com.alibaba.nacos.client.naming          : initializer namespace from System Property :null
2020-06-04 15:53:20.626  INFO [organization,,,] 15564 --- [main] o.s.s.c.ThreadPoolTaskScheduler          : Initializing ExecutorService 'taskScheduler'
2020-06-04 15:53:20.972  INFO [organization,,,] 15564 --- [main] o.s.b.a.e.web.EndpointLinksResolver      : Exposing 26 endpoint(s) beneath base path '/actuator'
2020-06-04 15:53:21.204  INFO [organization,,,] 15564 --- [main] c.g.c.s.organization.config.BusConfig    : queue name:event-organization
2020-06-04 15:53:21.211  INFO [organization,,,] 15564 --- [main] c.g.c.s.organization.config.BusConfig    : exchange:spring-boot-exchange
2020-06-04 15:53:21.221  INFO [organization,,,] 15564 --- [main] c.g.c.s.organization.config.BusConfig    : binding Queue [name=event-organization, durable=false, autoDelete=false, exclusive=false, arguments={}, actualName=event-organization] to Exchange [name=spring-boot-exchange, type=topic, durable=true, autoDelete=false, internal=false, arguments={}] with organization-resource
2020-06-04 15:53:21.290  INFO [organization,,,] 15564 --- [main] pertySourcedRequestMappingHandlerMapping : Mapped URL path [/v2/api-docs] onto method [springfox.documentation.swagger2.web.Swagger2Controller#getDocumentation(String, HttpServletRequest)]
2020-06-04 15:53:22.538  WARN [organization,,,] 15564 --- [main] c.n.c.sources.URLConfigurationSource     : No URLs will be polled as dynamic configuration sources.
2020-06-04 15:53:22.539  INFO [organization,,,] 15564 --- [main] c.n.c.sources.URLConfigurationSource     : To enable URLs as dynamic configuration sources, define System property archaius.configurationSource.additionalUrls or make config.properties available on classpath.
2020-06-04 15:53:22.549  WARN [organization,,,] 15564 --- [main] c.n.c.sources.URLConfigurationSource     : No URLs will be polled as dynamic configuration sources.
2020-06-04 15:53:22.549  INFO [organization,,,] 15564 --- [main] c.n.c.sources.URLConfigurationSource     : To enable URLs as dynamic configuration sources, define System property archaius.configurationSource.additionalUrls or make config.properties available on classpath.
2020-06-04 15:53:22.895  INFO [organization,,,] 15564 --- [main] o.s.s.concurrent.ThreadPoolTaskExecutor  : Initializing ExecutorService 'applicationTaskExecutor'
2020-06-04 15:53:23.503  INFO [organization,,,] 15564 --- [main] c.a.j.a.AbstractCacheAutoInit            : init cache area default , type= caffeine
2020-06-04 15:53:23.506  INFO [organization,,,] 15564 --- [main] c.a.j.a.AbstractCacheAutoInit            : init cache area longTime , type= caffeine
2020-06-04 15:53:23.507  INFO [organization,,,] 15564 --- [main] c.a.j.a.AbstractCacheAutoInit            : init cache area shortTime , type= caffeine
2020-06-04 15:53:23.539  INFO [organization,,,] 15564 --- [main] c.a.j.support.DefaultMetricsManager      : cache stat period at 15 MINUTES
2020-06-04 15:53:23.545  INFO [organization,,,] 15564 --- [main] c.a.j.a.AbstractCacheAutoInit            : init cache area default , type= redis
2020-06-04 15:53:23.624  INFO [organization,,,] 15564 --- [main] c.a.j.a.AbstractCacheAutoInit            : init cache area longTime , type= redis
2020-06-04 15:53:23.627  INFO [organization,,,] 15564 --- [main] c.a.j.a.AbstractCacheAutoInit            : init cache area shortTime , type= redis
2020-06-04 15:53:24.281  INFO [organization,,,] 15564 --- [main] onConfiguration$FunctionBindingRegistrar : Functional binding is disabled due to the presense of @EnableBinding annotation in your configuration
2020-06-04 15:53:27.408  INFO [organization,,,] 15564 --- [main] o.s.c.s.m.DirectWithAttributesChannel    : Channel 'organization-1.springCloudBusInput' has 1 subscriber(s).
2020-06-04 15:53:27.439  INFO [organization,,,] 15564 --- [main] o.s.i.endpoint.EventDrivenConsumer       : Adding {logging-channel-adapter:_org.springframework.integration.errorLogger} as a subscriber to the 'errorChannel' channel
2020-06-04 15:53:27.439  INFO [organization,,,] 15564 --- [main] o.s.i.channel.PublishSubscribeChannel    : Channel 'organization-1.errorChannel' has 1 subscriber(s).
2020-06-04 15:53:27.439  INFO [organization,,,] 15564 --- [main] o.s.i.endpoint.EventDrivenConsumer       : started bean '_org.springframework.integration.errorLogger'
2020-06-04 15:53:27.854  WARN [organization,,,] 15564 --- [main] c.a.c.n.c.NacosPropertySourceBuilder     : Ignore the empty nacos configuration and get it based on dataId[organization] & group[DEFAULT_GROUP]
2020-06-04 15:53:27.859  WARN [organization,,,] 15564 --- [main] c.a.c.n.c.NacosPropertySourceBuilder     : Ignore the empty nacos configuration and get it based on dataId[organization.yml] & group[DEFAULT_GROUP]
2020-06-04 15:53:27.859  INFO [organization,,,] 15564 --- [main] b.c.PropertySourceBootstrapConfiguration : Located property source: [BootstrapPropertySource {name='bootstrapProperties-organization.yml,DEFAULT_GROUP'}, BootstrapPropertySource {name='bootstrapProperties-organization,DEFAULT_GROUP'}]
2020-06-04 15:53:28.019  INFO [organization,,,] 15564 --- [main] c.a.n.client.config.impl.ClientWorker    : [fixed-localhost_8848] [subscribe] organization+DEFAULT_GROUP
2020-06-04 15:53:28.022  INFO [organization,,,] 15564 --- [main] c.a.nacos.client.config.impl.CacheData   : [fixed-localhost_8848] [add-listener] ok, tenant=, dataId=organization, group=DEFAULT_GROUP, cnt=1
2020-06-04 15:53:28.023  INFO [organization,,,] 15564 --- [main] c.a.n.client.config.impl.ClientWorker    : [fixed-localhost_8848] [subscribe] organization.yml+DEFAULT_GROUP
2020-06-04 15:53:28.023  INFO [organization,,,] 15564 --- [main] c.a.nacos.client.config.impl.CacheData   : [fixed-localhost_8848] [add-listener] ok, tenant=, dataId=organization.yml, group=DEFAULT_GROUP, cnt=1
2020-06-04 15:53:28.045  INFO [organization,,,] 15564 --- [com.alibaba.nacos.client.Worker.longPolling.fixed-localhost_8848] c.a.n.client.config.impl.ClientWorker    : get changedGroupKeys:[]
2020-06-04 15:53:28.111  INFO [organization,,,] 15564 --- [main] o.s.a.r.c.CachingConnectionFactory       : Attempting to connect to: [localhost:5672]
2020-06-04 15:53:28.124  INFO [organization,,,] 15564 --- [main] o.s.a.r.c.CachingConnectionFactory       : Created new connection: rabbitConnectionFactory#a0e33db:0/SimpleConnection@71c1e70f [delegate=amqp://admin@127.0.0.1:5672/, localPort= 64165]
2020-06-04 15:53:28.130  INFO [organization,,,] 15564 --- [main] o.s.amqp.rabbit.core.RabbitAdmin         : Auto-declaring a non-durable, auto-delete, or exclusive Queue (event-organization) durable:false, auto-delete:false, exclusive:false. It will be redeclared if the broker stops and is restarted while the connection factory is alive, but all messages will be lost.
2020-06-04 15:53:28.246  INFO [organization,,,] 15564 --- [main] o.s.c.s.m.DirectWithAttributesChannel    : Channel 'organization-1.springCloudBusOutput' has 1 subscriber(s).
2020-06-04 15:53:28.291  INFO [organization,,,] 15564 --- [main] c.s.b.r.p.RabbitExchangeQueueProvisioner : declaring queue for inbound: springCloudBus.anonymous.ZXnCSOXoRWOtB0urwWl55w, bound to: springCloudBus
2020-06-04 15:53:28.607  INFO [organization,,,] 15564 --- [main] o.s.c.stream.binder.BinderErrorChannel   : Channel 'springCloudBus.anonymous.ZXnCSOXoRWOtB0urwWl55w.errors' has 1 subscriber(s).
2020-06-04 15:53:28.607  INFO [organization,,,] 15564 --- [main] o.s.c.stream.binder.BinderErrorChannel   : Channel 'springCloudBus.anonymous.ZXnCSOXoRWOtB0urwWl55w.errors' has 2 subscriber(s).
2020-06-04 15:53:28.625  INFO [organization,,,] 15564 --- [main] o.s.i.a.i.AmqpInboundChannelAdapter      : started bean 'inbound.springCloudBus.anonymous.ZXnCSOXoRWOtB0urwWl55w'
2020-06-04 15:53:28.626  INFO [organization,,,] 15564 --- [main] d.s.w.p.DocumentationPluginsBootstrapper : Context refreshed
2020-06-04 15:53:28.648  INFO [organization,,,] 15564 --- [main] d.s.w.p.DocumentationPluginsBootstrapper : Found 1 custom documentation plugin(s)
2020-06-04 15:53:28.698  INFO [organization,,,] 15564 --- [main] s.d.s.w.s.ApiListingReferenceScanner     : Scanning for api listing references
2020-06-04 15:53:28.889  INFO [organization,,,] 15564 --- [main] .d.s.w.r.o.CachingOperationNameGenerator : Generating unique operation named: addUsingPOST_1
2020-06-04 15:53:28.892  INFO [organization,,,] 15564 --- [main] .d.s.w.r.o.CachingOperationNameGenerator : Generating unique operation named: deleteUsingDELETE_1
2020-06-04 15:53:28.894  INFO [organization,,,] 15564 --- [main] .d.s.w.r.o.CachingOperationNameGenerator : Generating unique operation named: getUsingGET_1
2020-06-04 15:53:28.896  INFO [organization,,,] 15564 --- [main] .d.s.w.r.o.CachingOperationNameGenerator : Generating unique operation named: queryUsingGET_1
2020-06-04 15:53:28.908  INFO [organization,,,] 15564 --- [main] .d.s.w.r.o.CachingOperationNameGenerator : Generating unique operation named: searchUsingPOST_1
2020-06-04 15:53:28.910  INFO [organization,,,] 15564 --- [main] .d.s.w.r.o.CachingOperationNameGenerator : Generating unique operation named: searchUsingGET_1
2020-06-04 15:53:28.914  INFO [organization,,,] 15564 --- [main] .d.s.w.r.o.CachingOperationNameGenerator : Generating unique operation named: updateUsingPUT_1
2020-06-04 15:53:28.919  INFO [organization,,,] 15564 --- [main] .d.s.w.r.o.CachingOperationNameGenerator : Generating unique operation named: addUsingPOST_2
2020-06-04 15:53:28.925  INFO [organization,,,] 15564 --- [main] .d.s.w.r.o.CachingOperationNameGenerator : Generating unique operation named: deleteUsingDELETE_2
2020-06-04 15:53:28.927  INFO [organization,,,] 15564 --- [main] .d.s.w.r.o.CachingOperationNameGenerator : Generating unique operation named: getUsingGET_2
2020-06-04 15:53:28.930  INFO [organization,,,] 15564 --- [main] .d.s.w.r.o.CachingOperationNameGenerator : Generating unique operation named: queryUsingGET_2
2020-06-04 15:53:28.933  INFO [organization,,,] 15564 --- [main] .d.s.w.r.o.CachingOperationNameGenerator : Generating unique operation named: updateUsingPUT_2
2020-06-04 15:53:28.940  INFO [organization,,,] 15564 --- [main] .d.s.w.r.o.CachingOperationNameGenerator : Generating unique operation named: addUsingPOST_3
2020-06-04 15:53:28.942  INFO [organization,,,] 15564 --- [main] .d.s.w.r.o.CachingOperationNameGenerator : Generating unique operation named: deleteUsingDELETE_3
2020-06-04 15:53:28.945  INFO [organization,,,] 15564 --- [main] .d.s.w.r.o.CachingOperationNameGenerator : Generating unique operation named: getUsingGET_3
2020-06-04 15:53:28.965  INFO [organization,,,] 15564 --- [main] .d.s.w.r.o.CachingOperationNameGenerator : Generating unique operation named: updateUsingPUT_3
2020-06-04 15:53:28.971  INFO [organization,,,] 15564 --- [main] .d.s.w.r.o.CachingOperationNameGenerator : Generating unique operation named: addUsingPOST_4
2020-06-04 15:53:28.972  INFO [organization,,,] 15564 --- [main] .d.s.w.r.o.CachingOperationNameGenerator : Generating unique operation named: deleteUsingDELETE_4
2020-06-04 15:53:28.974  INFO [organization,,,] 15564 --- [main] .d.s.w.r.o.CachingOperationNameGenerator : Generating unique operation named: getUsingGET_4
2020-06-04 15:53:28.975  INFO [organization,,,] 15564 --- [main] .d.s.w.r.o.CachingOperationNameGenerator : Generating unique operation named: getUsingGET_5
2020-06-04 15:53:28.986  INFO [organization,,,] 15564 --- [main] .d.s.w.r.o.CachingOperationNameGenerator : Generating unique operation named: queryUsingPOST_1
2020-06-04 15:53:28.989  INFO [organization,,,] 15564 --- [main] .d.s.w.r.o.CachingOperationNameGenerator : Generating unique operation named: queryUsingGET_3
2020-06-04 15:53:28.993  INFO [organization,,,] 15564 --- [main] .d.s.w.r.o.CachingOperationNameGenerator : Generating unique operation named: updateUsingPUT_4
2020-06-04 15:53:29.001  INFO [organization,,,] 15564 --- [main] .d.s.w.r.o.CachingOperationNameGenerator : Generating unique operation named: addUsingPOST_5
2020-06-04 15:53:29.003  INFO [organization,,,] 15564 --- [main] .d.s.w.r.o.CachingOperationNameGenerator : Generating unique operation named: deleteUsingDELETE_5
2020-06-04 15:53:29.004  INFO [organization,,,] 15564 --- [main] .d.s.w.r.o.CachingOperationNameGenerator : Generating unique operation named: getUsingGET_6
2020-06-04 15:53:29.006  INFO [organization,,,] 15564 --- [main] .d.s.w.r.o.CachingOperationNameGenerator : Generating unique operation named: queryUsingGET_4
2020-06-04 15:53:29.016  INFO [organization,,,] 15564 --- [main] .d.s.w.r.o.CachingOperationNameGenerator : Generating unique operation named: searchUsingPOST_2
2020-06-04 15:53:29.023  INFO [organization,,,] 15564 --- [main] .d.s.w.r.o.CachingOperationNameGenerator : Generating unique operation named: updateUsingPUT_5
2020-06-04 15:53:29.155  INFO [organization,,,] 15564 --- [main] e.p.SysadminOrganizationApplicationTests : Started SysadminOrganizationApplicationTests in 19.404 seconds (JVM running for 20.457)
2020-06-04 15:53:29.521  INFO [organization,,,] 15564 --- [SpringContextShutdownHook] o.s.a.r.l.SimpleMessageListenerContainer : Waiting for workers to finish.
2020-06-04 15:53:29.633  INFO [organization,,,] 15564 --- [SpringContextShutdownHook] o.s.a.r.l.SimpleMessageListenerContainer : Successfully waited for workers to finish.
2020-06-04 15:53:29.634  INFO [organization,,,] 15564 --- [SpringContextShutdownHook] o.s.i.a.i.AmqpInboundChannelAdapter      : stopped bean 'inbound.springCloudBus.anonymous.ZXnCSOXoRWOtB0urwWl55w'
2020-06-04 15:53:29.645  INFO [organization,,,] 15564 --- [SpringContextShutdownHook] o.s.c.stream.binder.BinderErrorChannel   : Channel 'organization-1.springCloudBus.anonymous.ZXnCSOXoRWOtB0urwWl55w.errors' has 1 subscriber(s).
2020-06-04 15:53:29.647  INFO [organization,,,] 15564 --- [SpringContextShutdownHook] o.s.c.stream.binder.BinderErrorChannel   : Channel 'organization-1.springCloudBus.anonymous.ZXnCSOXoRWOtB0urwWl55w.errors' has 0 subscriber(s).
2020-06-04 15:53:29.652  INFO [organization,,,] 15564 --- [SpringContextShutdownHook] o.s.s.c.ThreadPoolTaskScheduler          : Shutting down ExecutorService 'taskScheduler'
2020-06-04 15:53:29.658  INFO [organization,,,] 15564 --- [SpringContextShutdownHook] o.s.i.endpoint.EventDrivenConsumer       : Removing {logging-channel-adapter:_org.springframework.integration.errorLogger} as a subscriber to the 'errorChannel' channel
2020-06-04 15:53:29.659  INFO [organization,,,] 15564 --- [SpringContextShutdownHook] o.s.i.channel.PublishSubscribeChannel    : Channel 'organization-1.errorChannel' has 0 subscriber(s).
2020-06-04 15:53:29.660  INFO [organization,,,] 15564 --- [SpringContextShutdownHook] o.s.i.endpoint.EventDrivenConsumer       : stopped bean '_org.springframework.integration.errorLogger'
2020-06-04 15:53:29.665  INFO [organization,,,] 15564 --- [SpringContextShutdownHook] c.a.j.support.DefaultMetricsManager      : cache stat canceled
2020-06-04 15:53:29.668  INFO [organization,,,] 15564 --- [SpringContextShutdownHook] o.s.s.concurrent.ThreadPoolTaskExecutor  : Shutting down ExecutorService 'applicationTaskExecutor'
2020-06-04 15:53:29.671  INFO [organization,,,] 15564 --- [SpringContextShutdownHook] o.s.s.c.ThreadPoolTaskScheduler          : Shutting down ExecutorService 'taskScheduler'
2020-06-04 15:53:29.698  INFO [organization,,,] 15564 --- [SpringContextShutdownHook] com.zaxxer.hikari.HikariDataSource       : HikariPool-1 - Shutdown initiated...
2020-06-04 15:53:29.718  INFO [organization,,,] 15564 --- [SpringContextShutdownHook] com.zaxxer.hikari.HikariDataSource       : HikariPool-1 - Shutdown completed.
